2024-12-21 22:08:30,465 - INFO - Changement mot de passe echoue : 
2024-12-21 22:25:32,291 - INFO - Changement mot de passe echoue : 
2024-12-21 22:25:43,050 - INFO - Changement mot de passe echoue : J'aimelesfrites
2024-12-22 22:57:12,538 - INFO - Changement mot de passe echoue : 
2024-12-22 22:57:23,771 - INFO - Changement mot de passe echoue : J'aimelesfrites
2024-12-22 22:58:48,413 - INFO - Connexion reussite : J'aimelesfrites
2024-12-22 23:01:23,471 - INFO - Connexion reussite : J'aimelesfrites
2024-12-22 23:01:28,322 - INFO - Changement mot de passe echoue : J'aimelesfrites
2024-12-23 00:10:27,056 - INFO - Connexion reussite : J'aimelesfrites
2024-12-25 00:14:26,761 - INFO - Connexion reussite : J'aimelesfrites
2024-12-26 16:40:21,143 - INFO - Suppretion compte echoue : 
2024-12-26 16:41:38,209 - INFO - Mot de passe modifie : J'aimelesfrites
2024-12-26 16:52:58,492 - INFO - Suppretion compte echoue : 
2024-12-26 17:13:42,025 - INFO - Connexion echoue : J'aimelesfrites
2024-12-26 17:13:52,353 - INFO - Connexion echoue : J'aimelesfrites
2024-12-26 17:14:09,145 - INFO - Connexion echoue : J'aimelesfrites
2024-12-26 17:14:49,517 - INFO - Nouveau compte : .!toplevel3.!frame.!entry
2024-12-26 17:16:27,587 - INFO - Nouveau compte : .!toplevel.!frame.!entry
2024-12-26 17:20:18,088 - INFO - Nouveau compte : .!toplevel.!frame.!entry
2024-12-26 17:20:26,909 - INFO - Connexion reussite : J'aimelesfrites
2024-12-26 17:20:49,879 - INFO - Nouveau compte : .!toplevel3.!frame.!entry
